0 info it worked if it ends with ok
1 verbose cli [ 'D:\\nodejs\\\\node.exe',
1 verbose cli   'D:\\nodejs\\node_modules\\npm\\bin\\npm-cli.js',
1 verbose cli   'publish' ]
2 info using npm@1.4.28
3 info using node@v0.10.36
4 verbose node symlink D:\nodejs\\node.exe
5 verbose publish [ '.' ]
6 verbose cache add [ '.', null ]
7 verbose cache add name=undefined spec="." args=[".",null]
8 verbose parsed url { protocol: null,
8 verbose parsed url   slashes: null,
8 verbose parsed url   auth: null,
8 verbose parsed url   host: null,
8 verbose parsed url   port: null,
8 verbose parsed url   hostname: null,
8 verbose parsed url   hash: null,
8 verbose parsed url   search: null,
8 verbose parsed url   query: null,
8 verbose parsed url   pathname: '.',
8 verbose parsed url   path: '.',
8 verbose parsed url   href: '.' }
9 silly lockFile 3a52ce78- .
10 verbose lock . C:\Users\advjiang\AppData\Roaming\npm-cache\3a52ce78-.lock
11 verbose tar pack [ 'C:\\Users\\advjiang\\AppData\\Roaming\\npm-cache\\wxpay-sdk\\1.0.0\\package.tgz',
11 verbose tar pack   '.' ]
12 verbose tarball C:\Users\advjiang\AppData\Roaming\npm-cache\wxpay-sdk\1.0.0\package.tgz
13 verbose folder .
14 info prepublish wxpay-sdk@1.0.0
15 silly lockFile 1f1177db-tar tar://.
16 verbose lock tar://. C:\Users\advjiang\AppData\Roaming\npm-cache\1f1177db-tar.lock
17 silly lockFile b654a98d-ache-wxpay-sdk-1-0-0-package-tgz tar://C:\Users\advjiang\AppData\Roaming\npm-cache\wxpay-sdk\1.0.0\package.tgz
18 verbose lock tar://C:\Users\advjiang\AppData\Roaming\npm-cache\wxpay-sdk\1.0.0\package.tgz C:\Users\advjiang\AppData\Roaming\npm-cache\b654a98d-ache-wxpay-sdk-1-0-0-package-tgz.lock
19 silly lockFile 1f1177db-tar tar://.
20 silly lockFile 1f1177db-tar tar://.
21 silly lockFile b654a98d-ache-wxpay-sdk-1-0-0-package-tgz tar://C:\Users\advjiang\AppData\Roaming\npm-cache\wxpay-sdk\1.0.0\package.tgz
22 silly lockFile b654a98d-ache-wxpay-sdk-1-0-0-package-tgz tar://C:\Users\advjiang\AppData\Roaming\npm-cache\wxpay-sdk\1.0.0\package.tgz
23 silly lockFile 60adaa39-pm-cache-wxpay-sdk-1-0-0-package C:\Users\advjiang\AppData\Roaming\npm-cache\wxpay-sdk\1.0.0\package
24 verbose lock C:\Users\advjiang\AppData\Roaming\npm-cache\wxpay-sdk\1.0.0\package C:\Users\advjiang\AppData\Roaming\npm-cache\60adaa39-pm-cache-wxpay-sdk-1-0-0-package.lock
25 silly lockFile 60adaa39-pm-cache-wxpay-sdk-1-0-0-package C:\Users\advjiang\AppData\Roaming\npm-cache\wxpay-sdk\1.0.0\package
26 silly lockFile 60adaa39-pm-cache-wxpay-sdk-1-0-0-package C:\Users\advjiang\AppData\Roaming\npm-cache\wxpay-sdk\1.0.0\package
27 silly lockFile 3a52ce78- .
28 silly lockFile 3a52ce78- .
29 silly publish { name: 'wxpay-sdk',
29 silly publish   version: '1.0.0',
29 silly publish   description: 'wxpay sdk',
29 silly publish   main: 'pay.js',
29 silly publish   scripts: { test: 'echo "Error: no test specified" && exit 1' },
29 silly publish   dependencies:
29 silly publish    { request: '>= 2.x',
29 silly publish      'define-js-class': '*',
29 silly publish      async: '*',
29 silly publish      extend: '*' },
29 silly publish   keywords: [ 'weixin', 'pay' ],
29 silly publish   author: { name: 'advjiang' },
29 silly publish   license: 'ISC',
29 silly publish   readme: 'ERROR: No README data found!',
29 silly publish   _id: 'wxpay-sdk@1.0.0',
29 silly publish   _shasum: 'b1032adcbdde781ee65cea22a6e274c17b943bc8',
29 silly publish   _from: '.' }
30 verbose request where is /wxpay-sdk
31 verbose request registry https://registry.npmjs.org/
32 verbose request id 05f15d455e1bb02c
33 verbose url raw /wxpay-sdk
34 verbose url resolving [ 'https://registry.npmjs.org/', './wxpay-sdk' ]
35 verbose url resolved https://registry.npmjs.org/wxpay-sdk
36 verbose request where is https://registry.npmjs.org/wxpay-sdk
37 info trying registry request attempt 1 at 16:45:57
38 http PUT https://registry.npmjs.org/wxpay-sdk
39 http 401 https://registry.npmjs.org/wxpay-sdk
40 verbose headers { date: 'Sat, 14 Mar 2015 08:46:01 GMT',
40 verbose headers   server: 'CouchDB/1.5.0 (Erlang OTP/R16B03)',
40 verbose headers   'content-type': 'application/json',
40 verbose headers   'cache-control': 'max-age=60',
40 verbose headers   'content-length': '67',
40 verbose headers   'accept-ranges': 'bytes',
40 verbose headers   via: '1.1 varnish',
40 verbose headers   'x-served-by': 'cache-nrt6125-NRT',
40 verbose headers   'x-cache': 'MISS',
40 verbose headers   'x-cache-hits': '0',
40 verbose headers   'x-timer': 'S1426322761.535806,VS0,VE115',
40 verbose headers   'keep-alive': 'timeout=10, max=50',
40 verbose headers   connection: 'Keep-Alive' }
41 error publish Failed PUT 401
42 error Error: unauthorized Name or password is incorrect.: wxpay-sdk
42 error     at RegClient.<anonymous> (D:\nodejs\node_modules\npm\node_modules\npm-registry-client\lib\request.js:308:14)
42 error     at Request._callback (D:\nodejs\node_modules\npm\node_modules\npm-registry-client\lib\request.js:246:65)
42 error     at Request.self.callback (D:\nodejs\node_modules\npm\node_modules\request\request.js:236:22)
42 error     at Request.emit (events.js:98:17)
42 error     at Request.<anonymous> (D:\nodejs\node_modules\npm\node_modules\request\request.js:1142:14)
42 error     at Request.emit (events.js:117:20)
42 error     at IncomingMessage.<anonymous> (D:\nodejs\node_modules\npm\node_modules\request\request.js:1096:12)
42 error     at IncomingMessage.emit (events.js:117:20)
42 error     at _stream_readable.js:944:16
42 error     at process._tickCallback (node.js:442:13)
43 error If you need help, you may report this *entire* log,
43 error including the npm and node versions, at:
43 error     <http://github.com/npm/npm/issues>
44 error System Windows_NT 6.1.7601
45 error command "D:\\nodejs\\\\node.exe" "D:\\nodejs\\node_modules\\npm\\bin\\npm-cli.js" "publish"
46 error cwd F:\project\webtit\node_modules\wxpay-sdk
47 error node -v v0.10.36
48 error npm -v 1.4.28
49 verbose exit [ 1, true ]
